<?xml version="1.0" encoding="UTF-8"?>
<!-- Generated by org.testng.reporters.JUnitXMLReporter -->
<testsuite ignored="0" hostname="AI3FQ0WS14" failures="0" tests="3" name="Test" time="37.19" errors="0" timestamp="2025-01-07T13:28:07 EST">
  <testcase classname="testCases.TC05_ResetPassword" name="verifyPasswordReset" time="12.217"/>
  <testcase classname="testCases.TC05_ResetPassword" name="verifyPasswordReset" time="11.373"/>
  <testcase classname="testCases.TC05_ResetPassword" name="verifyPasswordReset" time="4.053"/>
</testsuite> <!-- Test -->
