<?xml version="1.0" encoding="UTF-8"?>
<testng-results ignored="0" total="3" passed="3" failed="0" skipped="0">
  <reporter-output>
  </reporter-output>
  <suite started-at="2025-01-07T13:27:30 EST" name="Suite" finished-at="2025-01-07T13:28:07 EST" duration-ms="37190">
    <groups>
      <group name="datadriven">
        <method signature="TC05_ResetPassword.verifyPasswordReset(java.lang.String,java.lang.String,java.lang.String,java.lang.String,java.lang.String,java.lang.String,java.lang.String)[pri:0, instance:testCases.TC05_ResetPassword@24b6b8f6]" name="verifyPasswordReset" class="testCases.TC05_ResetPassword"/>
      </group> <!-- datadriven -->
    </groups>
    <test started-at="2025-01-07T13:27:30 EST" name="Test" finished-at="2025-01-07T13:28:07 EST" duration-ms="37190">
      <class name="testCases.TC05_ResetPassword">
        <test-method is-config="true" signature="setup(java.lang.String,java.lang.String)[pri:0, instance:testCases.TC05_ResetPassword@24b6b8f6]" started-at="2025-01-07T13:27:30 EST" name="setup" finished-at="2025-01-07T13:27:33 EST" duration-ms="3127" status="PASS">
          <params>
            <param index="0">
              <value>
                <![CDATA[Windows]]>
              </value>
            </param>
            <param index="1">
              <value>
                <![CDATA[chrome]]>
              </value>
            </param>
          </params>
          <reporter-output>
          </reporter-output>
        </test-method> <!-- setup -->
        <test-method signature="verifyPasswordReset(java.lang.String,java.lang.String,java.lang.String,java.lang.String,java.lang.String,java.lang.String,java.lang.String)[pri:0, instance:testCases.TC05_ResetPassword@24b6b8f6]" started-at="2025-01-07T13:27:37 EST" name="verifyPasswordReset" data-provider="resetPasswordUserData" finished-at="2025-01-07T13:27:49 EST" duration-ms="12217" status="PASS">
          <params>
            <param index="0">
              <value>
                <![CDATA[gallopadmin]]>
              </value>
            </param>
            <param index="1">
              <value>
                <![CDATA[Jan@2025!]]>
              </value>
            </param>
            <param index="2">
              <value>
                <![CDATA[Standard Agent]]>
              </value>
            </param>
            <param index="3">
              <value>
                <![CDATA[Standard Agent]]>
              </value>
            </param>
            <param index="4">
              <value>
                <![CDATA[Test@aiiflorida.com]]>
              </value>
            </param>
            <param index="5">
              <value>
                <![CDATA[AG1730]]>
              </value>
            </param>
            <param index="6">
              <value>
                <![CDATA[Jan@2025!]]>
              </value>
            </param>
          </params>
          <reporter-output>
          </reporter-output>
        </test-method> <!-- verifyPasswordReset -->
        <test-method signature="verifyPasswordReset(java.lang.String,java.lang.String,java.lang.String,java.lang.String,java.lang.String,java.lang.String,java.lang.String)[pri:0, instance:testCases.TC05_ResetPassword@24b6b8f6]" started-at="2025-01-07T13:27:49 EST" name="verifyPasswordReset" data-provider="resetPasswordUserData" finished-at="2025-01-07T13:28:01 EST" duration-ms="11373" status="PASS">
          <params>
            <param index="0">
              <value>
                <![CDATA[gallopadmin]]>
              </value>
            </param>
            <param index="1">
              <value>
                <![CDATA[Jan@2025!]]>
              </value>
            </param>
            <param index="2">
              <value>
                <![CDATA[Standard Agent]]>
              </value>
            </param>
            <param index="3">
              <value>
                <![CDATA[Standard Agent]]>
              </value>
            </param>
            <param index="4">
              <value>
                <![CDATA[Test@aiiflorida.com]]>
              </value>
            </param>
            <param index="5">
              <value>
                <![CDATA[AG1171]]>
              </value>
            </param>
            <param index="6">
              <value>
                <![CDATA[Jan@2025!]]>
              </value>
            </param>
          </params>
          <reporter-output>
          </reporter-output>
        </test-method> <!-- verifyPasswordReset -->
        <test-method signature="verifyPasswordReset(java.lang.String,java.lang.String,java.lang.String,java.lang.String,java.lang.String,java.lang.String,java.lang.String)[pri:0, instance:testCases.TC05_ResetPassword@24b6b8f6]" started-at="2025-01-07T13:28:01 EST" name="verifyPasswordReset" data-provider="resetPasswordUserData" finished-at="2025-01-07T13:28:05 EST" duration-ms="4053" status="PASS">
          <params>
            <param index="0">
              <value>
                <![CDATA[gallopadmin]]>
              </value>
            </param>
            <param index="1">
              <value>
                <![CDATA[Jan@2025!]]>
              </value>
            </param>
            <param index="2">
              <value>
                <![CDATA[Gold/Diamond Agent]]>
              </value>
            </param>
            <param index="3">
              <value>
                <![CDATA[Gold/Diamond Agent]]>
              </value>
            </param>
            <param index="4">
              <value>
                <![CDATA[Test@aiiflorida.com]]>
              </value>
            </param>
            <param index="5">
              <value>
                <![CDATA[AG1529]]>
              </value>
            </param>
            <param index="6">
              <value>
                <![CDATA[Jan@2025!]]>
              </value>
            </param>
          </params>
          <reporter-output>
          </reporter-output>
        </test-method> <!-- verifyPasswordReset -->
        <test-method is-config="true" signature="teardown()[pri:0, instance:testCases.TC05_ResetPassword@24b6b8f6]" started-at="2025-01-07T13:28:05 EST" name="teardown" finished-at="2025-01-07T13:28:07 EST" duration-ms="2289" status="PASS">
          <reporter-output>
          </reporter-output>
        </test-method> <!-- teardown -->
      </class> <!-- testCases.TC05_ResetPassword -->
    </test> <!-- Test -->
  </suite> <!-- Suite -->
</testng-results>
